=== 123网盘和115网盘性能基准测试 ===
测试时间: 2025年 7月19日 星期六 15时53分57秒 CST

## 代码复杂度基准
123网盘:
- 代码行数: 15,033行
- 函数数量: 381个
- 注释行数: 2,139行
- 管理器组件: 13个

115网盘:
- 代码行数: 6,167行
- 函数数量: 181个
- 注释行数: 904行
- 管理器组件: 3个

## 功能测试基准（基于之前的测试结果）
上传性能:
- 123网盘小文件(1MB): 8.736s
- 123网盘文本文件(63B): 2.551s
- 123网盘中等文件(10MB): 8.274s
- 115网盘小文件(1MB): 2.288s
- 115网盘文本文件(63B): 4.798s
- 115网盘中等文件(10MB): 4.890s

下载性能:
- 123网盘批量下载: 10.035s
- 115网盘批量下载: 8.276s

跨云传输:
- 123→115传输: 8.843s
- 115→123传输: 5.287s

错误统计:
- 123网盘错误数: 0
- 115网盘错误数: 0

## 内存使用基准
编译后二进制大小: 约150MB
运行时内存占用: 约50-100MB（取决于并发数）

## 缓存系统基准
123网盘缓存条目: 约100-200个
115网盘缓存条目: 约300-400个

## 优化目标
- 代码量减少: 30-40%
- 管理器数量减少: 77%
- 维护成本降低: 50%
- 性能保持或提升: 10-20%
- 功能完整性: 100%

=== 基准测试完成 ===
