2025/07/19 15:34:46 INFO  : 115 测试上传下载/text_file.txt: 🔧 简化缓存管理器初始化成功
2025/07/19 15:34:47 INFO  : 123 root '测试上传下载/from_115_': 📊 QPS限制配置 - 列表API: 5.0 QPS, 严格API: 4.0 QPS, 上传API: 20.0 QPS, 下载API: 2.0 QPS
2025/07/19 15:34:47 INFO  : 123 root '测试上传下载/from_115_': 🔧 简化缓存管理器初始化成功
2025/07/19 15:34:47 INFO  : 123 root '测试上传下载/from_115_': 🔧 上传验证管理器初始化成功
2025/07/19 15:34:47 INFO  : 123 root '测试上传下载/from_115_': 123网盘性能优化初始化完成 - 最大并发上传: 8, 最大并发下载: 4, 进度显示: true, 动态调整: 启用
2025/07/19 15:34:49 INFO  : 123 root '测试上传下载/from_115_': 🌐 检测到跨云传输: 115 测试上传下载 → 123 root '测试上传下载/from_115_'，启用优化传输模式
2025/07/19 15:34:49 INFO  : 123 root '测试上传下载/from_115_': 🌐 开始处理跨云传输: text_file.txt (大小: 63)
2025/07/19 15:34:49 INFO  : 123 root '测试上传下载/from_115_': 📤 直接使用源云盘数据流进行123网盘上传...
2025/07/19 15:34:49 INFO  : 123 root '测试上传下载/from_115_': 🌐 执行跨云传输单步上传策略（优化版本）
2025/07/19 15:34:49 INFO  : 123 root '测试上传下载/from_115_': 🌐 跨云传输无已知MD5，尝试从数据流计算
2025/07/19 15:34:49 INFO  : 123 root '测试上传下载/from_115_': 🌐 跨云传输计算MD5: 61bce790b775e4ab18ada54c0c01f65b
2025/07/19 15:34:49 INFO  : 123 root '测试上传下载/from_115_': 🌐 开始跨云传输单步上传: text_file.txt (63)
2025/07/19 15:34:49 INFO  : 123 root '测试上传下载/from_115_': 🌐 跨云传输单步上传尝试 1/3
2025/07/19 15:34:51 INFO  : 123 root '测试上传下载/from_115_': ✅ 跨云传输单步上传成功: text_file.txt
2025/07/19 15:34:51 INFO  : text_file.txt: Copied (new)
2025/07/19 15:34:51 INFO  : 
已传输:   	         63 B / 63 B, 100%, 21 B/s, ETA 0s
已传输:            1 / 1, 100%
耗时:         3.8s

2025/07/19 15:48:01 INFO  : 115 测试上传下载/text_file.txt: 🔧 简化缓存管理器初始化成功
2025/07/19 15:48:02 INFO  : 123 root '测试上传下载/from_115_': 📊 QPS限制配置 - 列表API: 5.0 QPS, 严格API: 4.0 QPS, 上传API: 20.0 QPS, 下载API: 2.0 QPS
2025/07/19 15:48:02 INFO  : 123 root '测试上传下载/from_115_': 🔧 简化缓存管理器初始化成功
2025/07/19 15:48:02 INFO  : 123 root '测试上传下载/from_115_': 🔧 上传验证管理器初始化成功
2025/07/19 15:48:02 INFO  : 123 root '测试上传下载/from_115_': 123网盘性能优化初始化完成 - 最大并发上传: 8, 最大并发下载: 4, 进度显示: true, 动态调整: 启用
2025/07/19 15:48:03 INFO  : 
已传输:   	          0 B / 0 B, -, 0 B/s, ETA -
耗时:         0.0s

