2025/07/19 15:34:37 INFO  : 123 root '测试上传下载/text_file.txt': 📊 QPS限制配置 - 列表API: 5.0 QPS, 严格API: 4.0 QPS, 上传API: 20.0 QPS, 下载API: 2.0 QPS
2025/07/19 15:34:37 INFO  : 123 root '测试上传下载/text_file.txt': 🔧 简化缓存管理器初始化成功
2025/07/19 15:34:37 INFO  : 123 root '测试上传下载/text_file.txt': 🔧 上传验证管理器初始化成功
2025/07/19 15:34:37 INFO  : 123 root '测试上传下载/text_file.txt': 123网盘性能优化初始化完成 - 最大并发上传: 8, 最大并发下载: 4, 进度显示: true, 动态调整: 启用
2025/07/19 15:34:37 INFO  : 115 测试上传下载/from_123_: 🔧 简化缓存管理器初始化成功
2025/07/19 15:34:42 INFO  : 115 测试上传下载/from_123_: 🌐 检测到跨云传输: 123 → 115网盘 (大小: 63)
2025/07/19 15:34:42 INFO  : 115 测试上传下载/from_123_: 📥 强制下载到本地后上传，确保数据完整性...
2025/07/19 15:34:42 INFO  : 115 测试上传下载/from_123_: 🌐 开始跨云传输本地化处理: text_file.txt (大小: 63)
2025/07/19 15:34:42 INFO  : 115 测试上传下载/from_123_: 📝 小文件跨云传输，下载到内存: 63
2025/07/19 15:34:42 INFO  : 115 测试上传下载/from_123_: ✅ 跨云传输内存下载完成: 63
2025/07/19 15:34:42 INFO  : 115 测试上传下载/from_123_: 🚀 开始从本地数据上传到115网盘: 63
2025/07/19 15:34:46 INFO  : text_file.txt: 🎉 传统上传完成！文件大小: 63
2025/07/19 15:34:46 INFO  : text_file.txt: Copied (new)
2025/07/19 15:34:46 INFO  : 
已传输:   	         63 B / 63 B, 100%, 9 B/s, ETA 0s
Checks:                 0 / 0, -, Listed 1
已传输:            1 / 1, 100%
耗时:         7.9s

2025/07/19 15:48:00 INFO  : 123 root '测试上传下载/text_file.txt': 📊 QPS限制配置 - 列表API: 5.0 QPS, 严格API: 4.0 QPS, 上传API: 20.0 QPS, 下载API: 2.0 QPS
2025/07/19 15:48:00 INFO  : 123 root '测试上传下载/text_file.txt': 🔧 简化缓存管理器初始化成功
2025/07/19 15:48:00 INFO  : 123 root '测试上传下载/text_file.txt': 🔧 上传验证管理器初始化成功
2025/07/19 15:48:00 INFO  : 123 root '测试上传下载/text_file.txt': 123网盘性能优化初始化完成 - 最大并发上传: 8, 最大并发下载: 4, 进度显示: true, 动态调整: 启用
2025/07/19 15:48:00 INFO  : 115 测试上传下载/from_123_: 🔧 简化缓存管理器初始化成功
2025/07/19 15:48:01 INFO  : There was nothing to transfer
2025/07/19 15:48:01 INFO  : 
已传输:   	          0 B / 0 B, -, 0 B/s, ETA -
Checks:                 1 / 1, 100%, Listed 2
耗时:         0.6s

