2025/07/19 15:34:05 INFO  : 123 root '测试上传下载': 📊 QPS限制配置 - 列表API: 5.0 QPS, 严格API: 4.0 QPS, 上传API: 20.0 QPS, 下载API: 2.0 QPS
2025/07/19 15:34:05 INFO  : 123 root '测试上传下载': 🔧 简化缓存管理器初始化成功
2025/07/19 15:34:05 INFO  : 123 root '测试上传下载': 🔧 上传验证管理器初始化成功
2025/07/19 15:34:05 INFO  : 123 root '测试上传下载': 123网盘性能优化初始化完成 - 最大并发上传: 8, 最大并发下载: 4, 进度显示: true, 动态调整: 启用
2025/07/19 15:34:05 INFO  : medium_file.bin: 🚀 123网盘启动并发下载: 10Mi
2025/07/19 15:34:05 INFO  : small_file.txt: 🚀 123网盘启动并发下载: 1Mi
2025/07/19 15:34:05 INFO  : 123 root '测试上传下载': 📊 123网盘并发下载参数: 分片大小=16Mi, 分片数=1, 并发数=2
2025/07/19 15:34:05 INFO  : 123 root '测试上传下载': 🚀 123网盘开始并发下载: medium_file.bin (10Mi)
2025/07/19 15:34:05 INFO  : 123 root '测试上传下载': 📊 123网盘并发下载参数: 分片大小=16Mi, 分片数=1, 并发数=2
2025/07/19 15:34:05 INFO  : 123 root '测试上传下载': 🚀 123网盘开始并发下载: small_file.txt (1Mi)
2025/07/19 15:34:12 INFO  : 123 root '测试上传下载': ✅ 123网盘并发下载完成: 1Mi | 用时: 7.273259792s | 平均速度: 0.14 MB/s
2025/07/19 15:34:12 INFO  : small_file.txt: ✅ 123网盘并发下载完成: 1Mi
2025/07/19 15:34:12 INFO  : small_file.txt: Copied (new)
2025/07/19 15:34:13 INFO  : text_file.txt: Copied (new)
2025/07/19 15:34:15 INFO  : 123 root '测试上传下载': ✅ 123网盘并发下载完成: 10Mi | 用时: 9.536595125s | 平均速度: 1.05 MB/s
2025/07/19 15:34:15 INFO  : medium_file.bin: ✅ 123网盘并发下载完成: 10Mi
2025/07/19 15:34:15 INFO  : medium_file.bin: Copied (new)
2025/07/19 15:34:15 INFO  : 
已传输:   	   33.000 MiB / 33.000 MiB, 100%, 341.340 KiB/s, ETA 0s
Checks:                 0 / 0, -, Listed 3
已传输:            3 / 3, 100%
耗时:         9.9s

2025/07/19 15:47:30 INFO  : 123 root '测试上传下载': 📊 QPS限制配置 - 列表API: 5.0 QPS, 严格API: 4.0 QPS, 上传API: 20.0 QPS, 下载API: 2.0 QPS
2025/07/19 15:47:30 INFO  : 123 root '测试上传下载': 🔧 简化缓存管理器初始化成功
2025/07/19 15:47:30 INFO  : 123 root '测试上传下载': 🔧 上传验证管理器初始化成功
2025/07/19 15:47:30 INFO  : 123 root '测试上传下载': 123网盘性能优化初始化完成 - 最大并发上传: 8, 最大并发下载: 4, 进度显示: true, 动态调整: 启用
2025/07/19 15:47:39 INFO  : from_115_/text_file.txt: Copied (new)
2025/07/19 15:47:39 INFO  : from_115_: Set directory modification time (using DirSetModTime)
2025/07/19 15:47:39 INFO  : 
已传输:   	         63 B / 63 B, 100%, 0 B/s, ETA -
Checks:                 3 / 3, 100%, Listed 8
已传输:            1 / 1, 100%
耗时:         8.5s

