2025/07/19 15:33:44 INFO  : 123 root '测试上传下载': 📊 QPS限制配置 - 列表API: 5.0 QPS, 严格API: 4.0 QPS, 上传API: 20.0 QPS, 下载API: 2.0 QPS
2025/07/19 15:33:44 INFO  : 123 root '测试上传下载': 🔧 简化缓存管理器初始化成功
2025/07/19 15:33:44 INFO  : 123 root '测试上传下载': 🔧 上传验证管理器初始化成功
2025/07/19 15:33:44 INFO  : 123 root '测试上传下载': 123网盘性能优化初始化完成 - 最大并发上传: 8, 最大并发下载: 4, 进度显示: true, 动态调整: 启用
2025/07/19 15:33:45 INFO  : 123 root '测试上传下载': 🌐 检测到跨云传输: Local file system at /Users/jonntd/rclone_mod → 123 root '测试上传下载'，启用优化传输模式
2025/07/19 15:33:45 INFO  : 123 root '测试上传下载': 🌐 开始处理跨云传输: small_file.txt (大小: 1Mi)
2025/07/19 15:33:45 INFO  : 123 root '测试上传下载': 📤 直接使用源云盘数据流进行123网盘上传...
2025/07/19 15:33:45 INFO  : 123 root '测试上传下载': 🔍 尝试秒传检查，MD5: b6d81b360a5672d80c27430f39153e2c
2025/07/19 15:33:53 INFO  : small_file.txt: Copied (new)
2025/07/19 15:33:53 INFO  : 
已传输:   	        1 MiB / 1 MiB, 100%, 146.272 KiB/s, ETA 0s
已传输:            1 / 1, 100%
耗时:         7.7s

2025/07/19 15:47:27 INFO  : 123 root '测试上传下载': 📊 QPS限制配置 - 列表API: 5.0 QPS, 严格API: 4.0 QPS, 上传API: 20.0 QPS, 下载API: 2.0 QPS
2025/07/19 15:47:27 INFO  : 123 root '测试上传下载': 🔧 简化缓存管理器初始化成功
2025/07/19 15:47:27 INFO  : 123 root '测试上传下载': 🔧 上传验证管理器初始化成功
2025/07/19 15:47:27 INFO  : 123 root '测试上传下载': 123网盘性能优化初始化完成 - 最大并发上传: 8, 最大并发下载: 4, 进度显示: true, 动态调整: 启用
2025/07/19 15:47:28 INFO  : 
已传输:   	          0 B / 0 B, -, 0 B/s, ETA -
耗时:         0.0s

