2025/07/19 15:33:56 INFO  : 123 root '测试上传下载': 📊 QPS限制配置 - 列表API: 5.0 QPS, 严格API: 4.0 QPS, 上传API: 20.0 QPS, 下载API: 2.0 QPS
2025/07/19 15:33:56 INFO  : 123 root '测试上传下载': 🔧 简化缓存管理器初始化成功
2025/07/19 15:33:56 INFO  : 123 root '测试上传下载': 🔧 上传验证管理器初始化成功
2025/07/19 15:33:56 INFO  : 123 root '测试上传下载': 123网盘性能优化初始化完成 - 最大并发上传: 8, 最大并发下载: 4, 进度显示: true, 动态调整: 启用
2025/07/19 15:33:56 INFO  : 123 root '测试上传下载': 🌐 检测到跨云传输: Local file system at /Users/jonntd/rclone_mod → 123 root '测试上传下载'，启用优化传输模式
2025/07/19 15:33:56 INFO  : 123 root '测试上传下载': 🌐 开始处理跨云传输: medium_file.bin (大小: 10Mi)
2025/07/19 15:33:56 INFO  : 123 root '测试上传下载': 📤 直接使用源云盘数据流进行123网盘上传...
2025/07/19 15:33:56 INFO  : 123 root '测试上传下载': 🔍 尝试秒传检查，MD5: f1c9645dbc14efddc7d8a322685f26eb
2025/07/19 15:34:04 INFO  : medium_file.bin: Copied (new)
2025/07/19 15:34:04 INFO  : 
已传输:   	       10 MiB / 10 MiB, 100%, 1.429 MiB/s, ETA 0s
已传输:            1 / 1, 100%
耗时:         7.3s

2025/07/19 15:47:29 INFO  : 123 root '测试上传下载': 📊 QPS限制配置 - 列表API: 5.0 QPS, 严格API: 4.0 QPS, 上传API: 20.0 QPS, 下载API: 2.0 QPS
2025/07/19 15:47:29 INFO  : 123 root '测试上传下载': 🔧 简化缓存管理器初始化成功
2025/07/19 15:47:29 INFO  : 123 root '测试上传下载': 🔧 上传验证管理器初始化成功
2025/07/19 15:47:29 INFO  : 123 root '测试上传下载': 123网盘性能优化初始化完成 - 最大并发上传: 8, 最大并发下载: 4, 进度显示: true, 动态调整: 启用
2025/07/19 15:47:30 INFO  : 
已传输:   	          0 B / 0 B, -, 0 B/s, ETA -
耗时:         0.0s

